03-Sep-2020 21:41:02.931 信息 [main] org.apache.catalina.startup.VersionLoggerListener.log Server.æå¡å¨çæ¬: Apache Tomcat/@VERSION@
03-Sep-2020 21:41:02.937 信息 [main] org.apache.catalina.startup.VersionLoggerListener.log æå¡å¨æå»º:        @VERSION_BUILT@
03-Sep-2020 21:41:02.937 信息 [main] org.apache.catalina.startup.VersionLoggerListener.log æå¡å¨çæ¬å·(:     @VERSION_NUMBER@
03-Sep-2020 21:41:02.937 信息 [main] org.apache.catalina.startup.VersionLoggerListener.log æä½ç³»ç»åç§°:      Windows 10
03-Sep-2020 21:41:02.937 信息 [main] org.apache.catalina.startup.VersionLoggerListener.log OS.çæ¬:           10.0
03-Sep-2020 21:41:02.937 信息 [main] org.apache.catalina.startup.VersionLoggerListener.log æ¶æ:              amd64
03-Sep-2020 21:41:02.937 信息 [main] org.apache.catalina.startup.VersionLoggerListener.log Java ç¯å¢åé:     C:\Program Files\Java\jdk1.8.0_231\jre
03-Sep-2020 21:41:02.937 信息 [main] org.apache.catalina.startup.VersionLoggerListener.log Javaèææºçæ¬:    1.8.0_231-b11
03-Sep-2020 21:41:02.937 信息 [main] org.apache.catalina.startup.VersionLoggerListener.log JVM.ä¾åºå:        Oracle Corporation
03-Sep-2020 21:41:02.938 信息 [main] org.apache.catalina.startup.VersionLoggerListener.log CATALINA_BASE:     D:\code\code_idea\tomcat8\catalina-home
03-Sep-2020 21:41:02.938 信息 [main] org.apache.catalina.startup.VersionLoggerListener.log CATALINA_HOME:     D:\code\code_idea\tomcat8\catalina-home
03-Sep-2020 21:41:02.938 信息 [main] org.apache.catalina.startup.VersionLoggerListener.log å½ä»¤è¡åæ°ï¼-agentlib:jdwp=transport=dt_socket,address=127.0.0.1:53589,suspend=y,server=n
03-Sep-2020 21:41:02.938 信息 [main] org.apache.catalina.startup.VersionLoggerListener.log å½ä»¤è¡åæ°ï¼-Dcatalina.home=catalina-home
03-Sep-2020 21:41:02.938 信息 [main] org.apache.catalina.startup.VersionLoggerListener.log å½ä»¤è¡åæ°ï¼-Dcatalina.base=catalina-home
03-Sep-2020 21:41:02.938 信息 [main] org.apache.catalina.startup.VersionLoggerListener.log å½ä»¤è¡åæ°ï¼-Djava.endorsed.dirs=catalina-home/endorsed
03-Sep-2020 21:41:02.938 信息 [main] org.apache.catalina.startup.VersionLoggerListener.log å½ä»¤è¡åæ°ï¼-Djava.io.tmpdir=catalina-home/temp
03-Sep-2020 21:41:02.938 信息 [main] org.apache.catalina.startup.VersionLoggerListener.log å½ä»¤è¡åæ°ï¼-Djava.util.logging.manager=org.apache.juli.ClassLoaderLogManager
03-Sep-2020 21:41:02.938 信息 [main] org.apache.catalina.startup.VersionLoggerListener.log å½ä»¤è¡åæ°ï¼-Djava.util.logging.config.file=catalina-home/conf/logging.properties
03-Sep-2020 21:41:02.938 信息 [main] org.apache.catalina.startup.VersionLoggerListener.log å½ä»¤è¡åæ°ï¼-javaagent:C:\Users\xuchu\.IntelliJIdea2019.3\system\captureAgent\debugger-agent.jar
03-Sep-2020 21:41:02.939 信息 [main] org.apache.catalina.startup.VersionLoggerListener.log å½ä»¤è¡åæ°ï¼-Dfile.encoding=UTF-8
03-Sep-2020 21:41:02.939 信息 [main] org.apache.catalina.core.AprLifecycleListener.lifecycleEvent å¨java.library.path:[C:\Program Files\Java\jdk1.8.0_231\bin;C:\WINDOWS\Sun\Java\bin;C:\WINDOWS\system32;C:\WINDOWS;C:\Program Files (x86)\Intel\iCLS Client\;C:\Program Files\Intel\iCLS Client\;C:\Windows\system32;C:\Windows;C:\Windows\System32\Wbem;C:\Windows\System32\WindowsPowerShell\v1.0\;C:\Program Files (x86)\NVIDIA Corporation\PhysX\Common;C:\Program Files (x86)\Intel\Intel(R) Management Engine Components\DAL;C:\Program Files\Intel\Intel(R) Management Engine Components\DAL;C:\Program Files (x86)\Intel\Intel(R) Management Engine Components\IPT;C:\Program Files\Intel\Intel(R) Management Engine Components\IPT;C:\WINDOWS\system32;C:\WINDOWS;C:\WINDOWS\System32\Wbem;C:\WINDOWS\System32\WindowsPowerShell\v1.0\;C:\WINDOWS\System32\OpenSSH\;D:\Program Files\nodejs\;D:\Program Files\Git\cmd;C:\Users\xuchu\AppData\Local\Microsoft\WindowsApps;C:\Users\xuchu\AppData\Roaming\npm;C:\Program Files\Java\jdk1.8.0_231\bin;D:\studysoft\apache-maven-3.6.1\bin;C:\Users\xuchu\AppData\Local\BypassRuntm;D:\studysoft\mongoDB\bin;C:\Users\xuchu\AppData\Local\GitHubDesktop\bin;D:\Program Files\protoc-3.11.2-win64\bin;C:\Users\xuchu\AppData\Local\Programs\Microsoft VS Code\bin;C:\Users\xuchu\Anaconda3\Scripts;C:\Users\xuchu\Anaconda3;D:\studysoft\gradle-6.5-bin\gradle-6.5\bin;;.]ä¸æ¾ä¸å°åºäºAPRçApache Tomcatæ¬æºåºï¼è¯¥åºåè®¸å¨çäº§ç¯å¢ä¸­è·å¾æä½³æ§è½
03-Sep-2020 21:41:03.092 信息 [main] org.apache.coyote.AbstractProtocol.init åå§ååè®®å¤çå¨ ["http-nio-8080"]
03-Sep-2020 21:41:03.861 信息 [main] org.apache.tomcat.util.net.NioSelectorPool.getSharedSelector Using a shared selector for servlet write/read
03-Sep-2020 21:41:03.875 信息 [main] org.apache.catalina.startup.Catalina.load Initialization processed in 1528 ms
03-Sep-2020 21:41:03.924 信息 [main] org.apache.catalina.core.StandardService.startInternal æ­£å¨å¯å¨æå¡[Catalina]
03-Sep-2020 21:41:03.924 信息 [main] org.apache.catalina.core.StandardEngine.startInternal Starting Servlet Engine: Apache Tomcat/@VERSION@
03-Sep-2020 21:41:03.970 信息 [main] org.apache.coyote.AbstractProtocol.start å¼å§åè®®å¤çå¥æ["http-nio-8080"]
03-Sep-2020 21:41:03.984 信息 [main] org.apache.catalina.startup.Catalina.start Server startup in 108 ms
03-Sep-2020 21:43:43.998 信息 [localhost-startStop-1] org.apache.catalina.startup.HostConfig.deployDirectory æweb åºç¨ç¨åºé¨ç½²å°ç®å½ [D:\code\code_idea\tomcat8\catalina-home\webapps\docs]
03-Sep-2020 21:43:44.361 信息 [localhost-startStop-1] org.apache.catalina.startup.HostConfig.deployDirectory Webåºç¨ç¨åºç®å½[D:\code\code_idea\tomcat8\catalina-home\webapps\docs]çé¨ç½²å·²å¨[357]æ¯«ç§åå®æ
03-Sep-2020 21:43:44.362 信息 [localhost-startStop-1] org.apache.catalina.startup.HostConfig.deployDirectory æweb åºç¨ç¨åºé¨ç½²å°ç®å½ [D:\code\code_idea\tomcat8\catalina-home\webapps\examples]
03-Sep-2020 21:43:44.498 严重 [localhost-startStop-1] org.apache.catalina.core.StandardContext.startInternal ä¸ä¸ªæå¤ä¸ªlistenerså¯å¨å¤±è´¥ï¼æ´å¤è¯¦ç»ä¿¡æ¯æ¥çå¯¹åºçå®¹å¨æ¥å¿æä»¶
03-Sep-2020 21:43:44.499 严重 [localhost-startStop-1] org.apache.catalina.core.StandardContext.startInternal ç±äºä¹åçéè¯¯ï¼Context[/examples]å¯å¨å¤±è´¥
03-Sep-2020 21:43:44.510 信息 [localhost-startStop-1] org.apache.catalina.startup.HostConfig.deployDirectory Webåºç¨ç¨åºç®å½[D:\code\code_idea\tomcat8\catalina-home\webapps\examples]çé¨ç½²å·²å¨[149]æ¯«ç§åå®æ
03-Sep-2020 21:43:44.511 信息 [localhost-startStop-1] org.apache.catalina.startup.HostConfig.deployDirectory æweb åºç¨ç¨åºé¨ç½²å°ç®å½ [D:\code\code_idea\tomcat8\catalina-home\webapps\host-manager]
03-Sep-2020 21:43:44.596 信息 [localhost-startStop-1] org.apache.catalina.startup.HostConfig.deployDirectory Webåºç¨ç¨åºç®å½[D:\code\code_idea\tomcat8\catalina-home\webapps\host-manager]çé¨ç½²å·²å¨[85]æ¯«ç§åå®æ
03-Sep-2020 21:43:44.597 信息 [localhost-startStop-1] org.apache.catalina.startup.HostConfig.deployDirectory æweb åºç¨ç¨åºé¨ç½²å°ç®å½ [D:\code\code_idea\tomcat8\catalina-home\webapps\manager]
03-Sep-2020 21:43:44.674 信息 [localhost-startStop-1] org.apache.catalina.startup.HostConfig.deployDirectory Webåºç¨ç¨åºç®å½[D:\code\code_idea\tomcat8\catalina-home\webapps\manager]çé¨ç½²å·²å¨[77]æ¯«ç§åå®æ
03-Sep-2020 21:43:44.674 信息 [localhost-startStop-1] org.apache.catalina.startup.HostConfig.deployDirectory æweb åºç¨ç¨åºé¨ç½²å°ç®å½ [D:\code\code_idea\tomcat8\catalina-home\webapps\ROOT]
03-Sep-2020 21:43:44.744 信息 [localhost-startStop-1] org.apache.catalina.startup.HostConfig.deployDirectory Webåºç¨ç¨åºç®å½[D:\code\code_idea\tomcat8\catalina-home\webapps\ROOT]çé¨ç½²å·²å¨[69]æ¯«ç§åå®æ
03-Sep-2020 21:46:05.543 信息 [Thread-4] org.apache.coyote.AbstractProtocol.pause æåProtocolHandler["http-nio-8080"]
03-Sep-2020 21:46:06.834 信息 [Thread-4] org.apache.catalina.core.StandardService.stopInternal æ­£å¨åæ­¢æå¡[Catalina]
03-Sep-2020 21:46:07.061 信息 [Thread-4] org.apache.coyote.AbstractProtocol.stop æ­£å¨åæ­¢ProtocolHandler ["http-nio-8080"]
03-Sep-2020 21:46:07.075 信息 [Thread-4] org.apache.coyote.AbstractProtocol.destroy æ­£å¨æ§æ¯åè®®å¤çå¨ ["http-nio-8080"]
03-Sep-2020 21:46:18.687 信息 [main] org.apache.catalina.startup.VersionLoggerListener.log Server.æå¡å¨çæ¬: Apache Tomcat/@VERSION@
03-Sep-2020 21:46:18.692 信息 [main] org.apache.catalina.startup.VersionLoggerListener.log æå¡å¨æå»º:        @VERSION_BUILT@
03-Sep-2020 21:46:18.693 信息 [main] org.apache.catalina.startup.VersionLoggerListener.log æå¡å¨çæ¬å·(:     @VERSION_NUMBER@
03-Sep-2020 21:46:18.693 信息 [main] org.apache.catalina.startup.VersionLoggerListener.log æä½ç³»ç»åç§°:      Windows 10
03-Sep-2020 21:46:18.693 信息 [main] org.apache.catalina.startup.VersionLoggerListener.log OS.çæ¬:           10.0
03-Sep-2020 21:46:18.693 信息 [main] org.apache.catalina.startup.VersionLoggerListener.log æ¶æ:              amd64
03-Sep-2020 21:46:18.693 信息 [main] org.apache.catalina.startup.VersionLoggerListener.log Java ç¯å¢åé:     C:\Program Files\Java\jdk1.8.0_231\jre
03-Sep-2020 21:46:18.693 信息 [main] org.apache.catalina.startup.VersionLoggerListener.log Javaèææºçæ¬:    1.8.0_231-b11
03-Sep-2020 21:46:18.693 信息 [main] org.apache.catalina.startup.VersionLoggerListener.log JVM.ä¾åºå:        Oracle Corporation
03-Sep-2020 21:46:18.693 信息 [main] org.apache.catalina.startup.VersionLoggerListener.log CATALINA_BASE:     D:\code\code_idea\tomcat8\catalina-home
03-Sep-2020 21:46:18.694 信息 [main] org.apache.catalina.startup.VersionLoggerListener.log CATALINA_HOME:     D:\code\code_idea\tomcat8\catalina-home
03-Sep-2020 21:46:18.695 信息 [main] org.apache.catalina.startup.VersionLoggerListener.log å½ä»¤è¡åæ°ï¼-Dcatalina.home=catalina-home
03-Sep-2020 21:46:18.695 信息 [main] org.apache.catalina.startup.VersionLoggerListener.log å½ä»¤è¡åæ°ï¼-Dcatalina.base=catalina-home
03-Sep-2020 21:46:18.695 信息 [main] org.apache.catalina.startup.VersionLoggerListener.log å½ä»¤è¡åæ°ï¼-Djava.endorsed.dirs=catalina-home/endorsed
03-Sep-2020 21:46:18.696 信息 [main] org.apache.catalina.startup.VersionLoggerListener.log å½ä»¤è¡åæ°ï¼-Djava.io.tmpdir=catalina-home/temp
03-Sep-2020 21:46:18.696 信息 [main] org.apache.catalina.startup.VersionLoggerListener.log å½ä»¤è¡åæ°ï¼-Djava.util.logging.manager=org.apache.juli.ClassLoaderLogManager
03-Sep-2020 21:46:18.696 信息 [main] org.apache.catalina.startup.VersionLoggerListener.log å½ä»¤è¡åæ°ï¼-Djava.util.logging.config.file=catalina-home/conf/logging.properties
03-Sep-2020 21:46:18.696 信息 [main] org.apache.catalina.startup.VersionLoggerListener.log å½ä»¤è¡åæ°ï¼-javaagent:C:\Users\xuchu\.IntelliJIdea2019.3\system\testAgent\intellij-coverage-agent-1.0.508.jar=C:\Users\xuchu\AppData\Local\Temp\coverageargs
03-Sep-2020 21:46:18.696 信息 [main] org.apache.catalina.startup.VersionLoggerListener.log å½ä»¤è¡åæ°ï¼-javaagent:C:\Program Files\JetBrains\IntelliJ IDEA 2019.3.3\lib\idea_rt.jar=53840:C:\Program Files\JetBrains\IntelliJ IDEA 2019.3.3\bin
03-Sep-2020 21:46:18.697 信息 [main] org.apache.catalina.startup.VersionLoggerListener.log å½ä»¤è¡åæ°ï¼-Dfile.encoding=UTF-8
03-Sep-2020 21:46:18.697 信息 [main] org.apache.catalina.core.AprLifecycleListener.lifecycleEvent å¨java.library.path:[C:\Program Files\Java\jdk1.8.0_231\bin;C:\WINDOWS\Sun\Java\bin;C:\WINDOWS\system32;C:\WINDOWS;C:\Program Files (x86)\Intel\iCLS Client\;C:\Program Files\Intel\iCLS Client\;C:\Windows\system32;C:\Windows;C:\Windows\System32\Wbem;C:\Windows\System32\WindowsPowerShell\v1.0\;C:\Program Files (x86)\NVIDIA Corporation\PhysX\Common;C:\Program Files (x86)\Intel\Intel(R) Management Engine Components\DAL;C:\Program Files\Intel\Intel(R) Management Engine Components\DAL;C:\Program Files (x86)\Intel\Intel(R) Management Engine Components\IPT;C:\Program Files\Intel\Intel(R) Management Engine Components\IPT;C:\WINDOWS\system32;C:\WINDOWS;C:\WINDOWS\System32\Wbem;C:\WINDOWS\System32\WindowsPowerShell\v1.0\;C:\WINDOWS\System32\OpenSSH\;D:\Program Files\nodejs\;D:\Program Files\Git\cmd;C:\Users\xuchu\AppData\Local\Microsoft\WindowsApps;C:\Users\xuchu\AppData\Roaming\npm;C:\Program Files\Java\jdk1.8.0_231\bin;D:\studysoft\apache-maven-3.6.1\bin;C:\Users\xuchu\AppData\Local\BypassRuntm;D:\studysoft\mongoDB\bin;C:\Users\xuchu\AppData\Local\GitHubDesktop\bin;D:\Program Files\protoc-3.11.2-win64\bin;C:\Users\xuchu\AppData\Local\Programs\Microsoft VS Code\bin;C:\Users\xuchu\Anaconda3\Scripts;C:\Users\xuchu\Anaconda3;D:\studysoft\gradle-6.5-bin\gradle-6.5\bin;;.]ä¸æ¾ä¸å°åºäºAPRçApache Tomcatæ¬æºåºï¼è¯¥åºåè®¸å¨çäº§ç¯å¢ä¸­è·å¾æä½³æ§è½
03-Sep-2020 21:46:22.301 信息 [main] org.apache.catalina.startup.VersionLoggerListener.log Server.æå¡å¨çæ¬: Apache Tomcat/@VERSION@
03-Sep-2020 21:46:22.310 信息 [main] org.apache.catalina.startup.VersionLoggerListener.log æå¡å¨æå»º:        @VERSION_BUILT@
03-Sep-2020 21:46:22.310 信息 [main] org.apache.catalina.startup.VersionLoggerListener.log æå¡å¨çæ¬å·(:     @VERSION_NUMBER@
03-Sep-2020 21:46:22.310 信息 [main] org.apache.catalina.startup.VersionLoggerListener.log æä½ç³»ç»åç§°:      Windows 10
03-Sep-2020 21:46:22.311 信息 [main] org.apache.catalina.startup.VersionLoggerListener.log OS.çæ¬:           10.0
03-Sep-2020 21:46:22.311 信息 [main] org.apache.catalina.startup.VersionLoggerListener.log æ¶æ:              amd64
03-Sep-2020 21:46:22.311 信息 [main] org.apache.catalina.startup.VersionLoggerListener.log Java ç¯å¢åé:     C:\Program Files\Java\jdk1.8.0_231\jre
03-Sep-2020 21:46:22.311 信息 [main] org.apache.catalina.startup.VersionLoggerListener.log Javaèææºçæ¬:    1.8.0_231-b11
03-Sep-2020 21:46:22.311 信息 [main] org.apache.catalina.startup.VersionLoggerListener.log JVM.ä¾åºå:        Oracle Corporation
03-Sep-2020 21:46:22.311 信息 [main] org.apache.catalina.startup.VersionLoggerListener.log CATALINA_BASE:     D:\code\code_idea\tomcat8\catalina-home
03-Sep-2020 21:46:22.311 信息 [main] org.apache.catalina.startup.VersionLoggerListener.log CATALINA_HOME:     D:\code\code_idea\tomcat8\catalina-home
03-Sep-2020 21:46:22.312 信息 [main] org.apache.catalina.startup.VersionLoggerListener.log å½ä»¤è¡åæ°ï¼-agentlib:jdwp=transport=dt_socket,address=127.0.0.1:53845,suspend=y,server=n
03-Sep-2020 21:46:22.312 信息 [main] org.apache.catalina.startup.VersionLoggerListener.log å½ä»¤è¡åæ°ï¼-Dcatalina.home=catalina-home
03-Sep-2020 21:46:22.312 信息 [main] org.apache.catalina.startup.VersionLoggerListener.log å½ä»¤è¡åæ°ï¼-Dcatalina.base=catalina-home
03-Sep-2020 21:46:22.312 信息 [main] org.apache.catalina.startup.VersionLoggerListener.log å½ä»¤è¡åæ°ï¼-Djava.endorsed.dirs=catalina-home/endorsed
03-Sep-2020 21:46:22.313 信息 [main] org.apache.catalina.startup.VersionLoggerListener.log å½ä»¤è¡åæ°ï¼-Djava.io.tmpdir=catalina-home/temp
03-Sep-2020 21:46:22.313 信息 [main] org.apache.catalina.startup.VersionLoggerListener.log å½ä»¤è¡åæ°ï¼-Djava.util.logging.manager=org.apache.juli.ClassLoaderLogManager
03-Sep-2020 21:46:22.313 信息 [main] org.apache.catalina.startup.VersionLoggerListener.log å½ä»¤è¡åæ°ï¼-Djava.util.logging.config.file=catalina-home/conf/logging.properties
03-Sep-2020 21:46:22.314 信息 [main] org.apache.catalina.startup.VersionLoggerListener.log å½ä»¤è¡åæ°ï¼-javaagent:C:\Users\xuchu\.IntelliJIdea2019.3\system\captureAgent\debugger-agent.jar
03-Sep-2020 21:46:22.314 信息 [main] org.apache.catalina.startup.VersionLoggerListener.log å½ä»¤è¡åæ°ï¼-Dfile.encoding=UTF-8
03-Sep-2020 21:46:22.314 信息 [main] org.apache.catalina.core.AprLifecycleListener.lifecycleEvent å¨java.library.path:[C:\Program Files\Java\jdk1.8.0_231\bin;C:\WINDOWS\Sun\Java\bin;C:\WINDOWS\system32;C:\WINDOWS;C:\Program Files (x86)\Intel\iCLS Client\;C:\Program Files\Intel\iCLS Client\;C:\Windows\system32;C:\Windows;C:\Windows\System32\Wbem;C:\Windows\System32\WindowsPowerShell\v1.0\;C:\Program Files (x86)\NVIDIA Corporation\PhysX\Common;C:\Program Files (x86)\Intel\Intel(R) Management Engine Components\DAL;C:\Program Files\Intel\Intel(R) Management Engine Components\DAL;C:\Program Files (x86)\Intel\Intel(R) Management Engine Components\IPT;C:\Program Files\Intel\Intel(R) Management Engine Components\IPT;C:\WINDOWS\system32;C:\WINDOWS;C:\WINDOWS\System32\Wbem;C:\WINDOWS\System32\WindowsPowerShell\v1.0\;C:\WINDOWS\System32\OpenSSH\;D:\Program Files\nodejs\;D:\Program Files\Git\cmd;C:\Users\xuchu\AppData\Local\Microsoft\WindowsApps;C:\Users\xuchu\AppData\Roaming\npm;C:\Program Files\Java\jdk1.8.0_231\bin;D:\studysoft\apache-maven-3.6.1\bin;C:\Users\xuchu\AppData\Local\BypassRuntm;D:\studysoft\mongoDB\bin;C:\Users\xuchu\AppData\Local\GitHubDesktop\bin;D:\Program Files\protoc-3.11.2-win64\bin;C:\Users\xuchu\AppData\Local\Programs\Microsoft VS Code\bin;C:\Users\xuchu\Anaconda3\Scripts;C:\Users\xuchu\Anaconda3;D:\studysoft\gradle-6.5-bin\gradle-6.5\bin;;.]ä¸æ¾ä¸å°åºäºAPRçApache Tomcatæ¬æºåºï¼è¯¥åºåè®¸å¨çäº§ç¯å¢ä¸­è·å¾æä½³æ§è½
03-Sep-2020 21:46:22.553 信息 [main] org.apache.coyote.AbstractProtocol.init åå§ååè®®å¤çå¨ ["http-nio-8080"]
03-Sep-2020 21:46:23.646 信息 [main] org.apache.tomcat.util.net.NioSelectorPool.getSharedSelector Using a shared selector for servlet write/read
03-Sep-2020 21:46:23.668 信息 [main] org.apache.catalina.startup.Catalina.load Initialization processed in 2335 ms
03-Sep-2020 21:46:23.734 信息 [main] org.apache.catalina.core.StandardService.startInternal æ­£å¨å¯å¨æå¡[Catalina]
03-Sep-2020 21:46:23.735 信息 [main] org.apache.catalina.core.StandardEngine.startInternal Starting Servlet Engine: Apache Tomcat/@VERSION@
03-Sep-2020 21:46:23.800 信息 [localhost-startStop-1] org.apache.catalina.startup.HostConfig.deployDirectory æweb åºç¨ç¨åºé¨ç½²å°ç®å½ [D:\code\code_idea\tomcat8\catalina-home\webapps\docs]
03-Sep-2020 21:46:24.448 信息 [localhost-startStop-1] org.apache.jasper.servlet.TldScanner.scanJars è³å°æä¸ä¸ªJARè¢«æ«æç¨äºTLDä½å°æªåå«TLDã ä¸ºæ­¤è®°å½å¨å¯ç¨è°è¯æ¥å¿è®°å½ï¼ä»¥è·åå·²æ«æä½æªå¨å¶ä¸­æ¾å°TLDçå®æ´JARåè¡¨ã å¨æ«ææé´è·³è¿ä¸éè¦çJARå¯ä»¥ç¼©ç­å¯å¨æ¶é´åJSPç¼è¯æ¶é´ã
03-Sep-2020 21:46:24.483 信息 [localhost-startStop-1] org.apache.catalina.startup.HostConfig.deployDirectory Webåºç¨ç¨åºç®å½[D:\code\code_idea\tomcat8\catalina-home\webapps\docs]çé¨ç½²å·²å¨[680]æ¯«ç§åå®æ
03-Sep-2020 21:46:24.483 信息 [localhost-startStop-1] org.apache.catalina.startup.HostConfig.deployDirectory æweb åºç¨ç¨åºé¨ç½²å°ç®å½ [D:\code\code_idea\tomcat8\catalina-home\webapps\examples]
03-Sep-2020 21:46:24.928 信息 [localhost-startStop-1] org.apache.jasper.servlet.TldScanner.scanJars è³å°æä¸ä¸ªJARè¢«æ«æç¨äºTLDä½å°æªåå«TLDã ä¸ºæ­¤è®°å½å¨å¯ç¨è°è¯æ¥å¿è®°å½ï¼ä»¥è·åå·²æ«æä½æªå¨å¶ä¸­æ¾å°TLDçå®æ´JARåè¡¨ã å¨æ«ææé´è·³è¿ä¸éè¦çJARå¯ä»¥ç¼©ç­å¯å¨æ¶é´åJSPç¼è¯æ¶é´ã
03-Sep-2020 21:46:24.958 严重 [localhost-startStop-1] org.apache.catalina.core.StandardContext.startInternal ä¸ä¸ªæå¤ä¸ªlistenerså¯å¨å¤±è´¥ï¼æ´å¤è¯¦ç»ä¿¡æ¯æ¥çå¯¹åºçå®¹å¨æ¥å¿æä»¶
03-Sep-2020 21:46:24.959 严重 [localhost-startStop-1] org.apache.catalina.core.StandardContext.startInternal ç±äºä¹åçéè¯¯ï¼Context[/examples]å¯å¨å¤±è´¥
03-Sep-2020 21:46:24.971 信息 [localhost-startStop-1] org.apache.catalina.startup.HostConfig.deployDirectory Webåºç¨ç¨åºç®å½[D:\code\code_idea\tomcat8\catalina-home\webapps\examples]çé¨ç½²å·²å¨[488]æ¯«ç§åå®æ
03-Sep-2020 21:46:24.971 信息 [localhost-startStop-1] org.apache.catalina.startup.HostConfig.deployDirectory æweb åºç¨ç¨åºé¨ç½²å°ç®å½ [D:\code\code_idea\tomcat8\catalina-home\webapps\host-manager]
03-Sep-2020 21:46:25.143 信息 [localhost-startStop-1] org.apache.jasper.servlet.TldScanner.scanJars è³å°æä¸ä¸ªJARè¢«æ«æç¨äºTLDä½å°æªåå«TLDã ä¸ºæ­¤è®°å½å¨å¯ç¨è°è¯æ¥å¿è®°å½ï¼ä»¥è·åå·²æ«æä½æªå¨å¶ä¸­æ¾å°TLDçå®æ´JARåè¡¨ã å¨æ«ææé´è·³è¿ä¸éè¦çJARå¯ä»¥ç¼©ç­å¯å¨æ¶é´åJSPç¼è¯æ¶é´ã
03-Sep-2020 21:46:25.159 信息 [localhost-startStop-1] org.apache.catalina.startup.HostConfig.deployDirectory Webåºç¨ç¨åºç®å½[D:\code\code_idea\tomcat8\catalina-home\webapps\host-manager]çé¨ç½²å·²å¨[188]æ¯«ç§åå®æ
03-Sep-2020 21:46:25.160 信息 [localhost-startStop-1] org.apache.catalina.startup.HostConfig.deployDirectory æweb åºç¨ç¨åºé¨ç½²å°ç®å½ [D:\code\code_idea\tomcat8\catalina-home\webapps\manager]
03-Sep-2020 21:46:25.368 信息 [localhost-startStop-1] org.apache.jasper.servlet.TldScanner.scanJars è³å°æä¸ä¸ªJARè¢«æ«æç¨äºTLDä½å°æªåå«TLDã ä¸ºæ­¤è®°å½å¨å¯ç¨è°è¯æ¥å¿è®°å½ï¼ä»¥è·åå·²æ«æä½æªå¨å¶ä¸­æ¾å°TLDçå®æ´JARåè¡¨ã å¨æ«ææé´è·³è¿ä¸éè¦çJARå¯ä»¥ç¼©ç­å¯å¨æ¶é´åJSPç¼è¯æ¶é´ã
03-Sep-2020 21:46:25.372 信息 [localhost-startStop-1] org.apache.catalina.startup.HostConfig.deployDirectory Webåºç¨ç¨åºç®å½[D:\code\code_idea\tomcat8\catalina-home\webapps\manager]çé¨ç½²å·²å¨[213]æ¯«ç§åå®æ
03-Sep-2020 21:46:25.372 信息 [localhost-startStop-1] org.apache.catalina.startup.HostConfig.deployDirectory æweb åºç¨ç¨åºé¨ç½²å°ç®å½ [D:\code\code_idea\tomcat8\catalina-home\webapps\ROOT]
03-Sep-2020 21:46:25.500 信息 [localhost-startStop-1] org.apache.jasper.servlet.TldScanner.scanJars è³å°æä¸ä¸ªJARè¢«æ«æç¨äºTLDä½å°æªåå«TLDã ä¸ºæ­¤è®°å½å¨å¯ç¨è°è¯æ¥å¿è®°å½ï¼ä»¥è·åå·²æ«æä½æªå¨å¶ä¸­æ¾å°TLDçå®æ´JARåè¡¨ã å¨æ«ææé´è·³è¿ä¸éè¦çJARå¯ä»¥ç¼©ç­å¯å¨æ¶é´åJSPç¼è¯æ¶é´ã
03-Sep-2020 21:46:25.502 信息 [localhost-startStop-1] org.apache.catalina.startup.HostConfig.deployDirectory Webåºç¨ç¨åºç®å½[D:\code\code_idea\tomcat8\catalina-home\webapps\ROOT]çé¨ç½²å·²å¨[130]æ¯«ç§åå®æ
03-Sep-2020 21:46:25.507 信息 [main] org.apache.coyote.AbstractProtocol.start å¼å§åè®®å¤çå¥æ["http-nio-8080"]
03-Sep-2020 21:46:25.523 信息 [main] org.apache.catalina.startup.Catalina.start Server startup in 1855 ms
03-Sep-2020 21:47:18.822 信息 [Thread-4] org.apache.coyote.AbstractProtocol.pause æåProtocolHandler["http-nio-8080"]
03-Sep-2020 21:47:19.457 信息 [Thread-4] org.apache.catalina.core.StandardService.stopInternal æ­£å¨åæ­¢æå¡[Catalina]
03-Sep-2020 21:47:19.478 信息 [Thread-4] org.apache.coyote.AbstractProtocol.stop æ­£å¨åæ­¢ProtocolHandler ["http-nio-8080"]
03-Sep-2020 21:47:19.480 信息 [Thread-4] org.apache.coyote.AbstractProtocol.destroy æ­£å¨æ§æ¯åè®®å¤çå¨ ["http-nio-8080"]
03-Sep-2020 21:47:24.754 信息 [main] org.apache.catalina.startup.VersionLoggerListener.log Server.æå¡å¨çæ¬: Apache Tomcat/@VERSION@
03-Sep-2020 21:47:24.759 信息 [main] org.apache.catalina.startup.VersionLoggerListener.log æå¡å¨æå»º:        @VERSION_BUILT@
03-Sep-2020 21:47:24.760 信息 [main] org.apache.catalina.startup.VersionLoggerListener.log æå¡å¨çæ¬å·(:     @VERSION_NUMBER@
03-Sep-2020 21:47:24.760 信息 [main] org.apache.catalina.startup.VersionLoggerListener.log æä½ç³»ç»åç§°:      Windows 10
03-Sep-2020 21:47:24.760 信息 [main] org.apache.catalina.startup.VersionLoggerListener.log OS.çæ¬:           10.0
03-Sep-2020 21:47:24.760 信息 [main] org.apache.catalina.startup.VersionLoggerListener.log æ¶æ:              amd64
03-Sep-2020 21:47:24.760 信息 [main] org.apache.catalina.startup.VersionLoggerListener.log Java ç¯å¢åé:     C:\Program Files\Java\jdk1.8.0_231\jre
03-Sep-2020 21:47:24.760 信息 [main] org.apache.catalina.startup.VersionLoggerListener.log Javaèææºçæ¬:    1.8.0_231-b11
03-Sep-2020 21:47:24.760 信息 [main] org.apache.catalina.startup.VersionLoggerListener.log JVM.ä¾åºå:        Oracle Corporation
03-Sep-2020 21:47:24.761 信息 [main] org.apache.catalina.startup.VersionLoggerListener.log CATALINA_BASE:     D:\code\code_idea\tomcat8\catalina-home
03-Sep-2020 21:47:24.761 信息 [main] org.apache.catalina.startup.VersionLoggerListener.log CATALINA_HOME:     D:\code\code_idea\tomcat8\catalina-home
03-Sep-2020 21:47:24.761 信息 [main] org.apache.catalina.startup.VersionLoggerListener.log å½ä»¤è¡åæ°ï¼-Dcatalina.home=catalina-home
03-Sep-2020 21:47:24.761 信息 [main] org.apache.catalina.startup.VersionLoggerListener.log å½ä»¤è¡åæ°ï¼-Dcatalina.base=catalina-home
03-Sep-2020 21:47:24.762 信息 [main] org.apache.catalina.startup.VersionLoggerListener.log å½ä»¤è¡åæ°ï¼-Djava.endorsed.dirs=catalina-home/endorsed
03-Sep-2020 21:47:24.762 信息 [main] org.apache.catalina.startup.VersionLoggerListener.log å½ä»¤è¡åæ°ï¼-Djava.io.tmpdir=catalina-home/temp
03-Sep-2020 21:47:24.762 信息 [main] org.apache.catalina.startup.VersionLoggerListener.log å½ä»¤è¡åæ°ï¼-Djava.util.logging.manager=org.apache.juli.ClassLoaderLogManager
03-Sep-2020 21:47:24.762 信息 [main] org.apache.catalina.startup.VersionLoggerListener.log å½ä»¤è¡åæ°ï¼-Djava.util.logging.config.file=catalina-home/conf/logging.properties
03-Sep-2020 21:47:24.762 信息 [main] org.apache.catalina.startup.VersionLoggerListener.log å½ä»¤è¡åæ°ï¼-javaagent:C:\Users\xuchu\.IntelliJIdea2019.3\system\testAgent\intellij-coverage-agent-1.0.508.jar=C:\Users\xuchu\AppData\Local\Temp\coverage1args
03-Sep-2020 21:47:24.762 信息 [main] org.apache.catalina.startup.VersionLoggerListener.log å½ä»¤è¡åæ°ï¼-javaagent:C:\Program Files\JetBrains\IntelliJ IDEA 2019.3.3\lib\idea_rt.jar=53922:C:\Program Files\JetBrains\IntelliJ IDEA 2019.3.3\bin
03-Sep-2020 21:47:24.762 信息 [main] org.apache.catalina.startup.VersionLoggerListener.log å½ä»¤è¡åæ°ï¼-Dfile.encoding=UTF-8
03-Sep-2020 21:47:24.763 信息 [main] org.apache.catalina.core.AprLifecycleListener.lifecycleEvent å¨java.library.path:[C:\Program Files\Java\jdk1.8.0_231\bin;C:\WINDOWS\Sun\Java\bin;C:\WINDOWS\system32;C:\WINDOWS;C:\Program Files (x86)\Intel\iCLS Client\;C:\Program Files\Intel\iCLS Client\;C:\Windows\system32;C:\Windows;C:\Windows\System32\Wbem;C:\Windows\System32\WindowsPowerShell\v1.0\;C:\Program Files (x86)\NVIDIA Corporation\PhysX\Common;C:\Program Files (x86)\Intel\Intel(R) Management Engine Components\DAL;C:\Program Files\Intel\Intel(R) Management Engine Components\DAL;C:\Program Files (x86)\Intel\Intel(R) Management Engine Components\IPT;C:\Program Files\Intel\Intel(R) Management Engine Components\IPT;C:\WINDOWS\system32;C:\WINDOWS;C:\WINDOWS\System32\Wbem;C:\WINDOWS\System32\WindowsPowerShell\v1.0\;C:\WINDOWS\System32\OpenSSH\;D:\Program Files\nodejs\;D:\Program Files\Git\cmd;C:\Users\xuchu\AppData\Local\Microsoft\WindowsApps;C:\Users\xuchu\AppData\Roaming\npm;C:\Program Files\Java\jdk1.8.0_231\bin;D:\studysoft\apache-maven-3.6.1\bin;C:\Users\xuchu\AppData\Local\BypassRuntm;D:\studysoft\mongoDB\bin;C:\Users\xuchu\AppData\Local\GitHubDesktop\bin;D:\Program Files\protoc-3.11.2-win64\bin;C:\Users\xuchu\AppData\Local\Programs\Microsoft VS Code\bin;C:\Users\xuchu\Anaconda3\Scripts;C:\Users\xuchu\Anaconda3;D:\studysoft\gradle-6.5-bin\gradle-6.5\bin;;.]ä¸æ¾ä¸å°åºäºAPRçApache Tomcatæ¬æºåºï¼è¯¥åºåè®¸å¨çäº§ç¯å¢ä¸­è·å¾æä½³æ§è½
03-Sep-2020 21:47:24.979 信息 [main] org.apache.coyote.AbstractProtocol.init åå§ååè®®å¤çå¨ ["http-nio-8080"]
03-Sep-2020 21:47:25.964 信息 [main] org.apache.tomcat.util.net.NioSelectorPool.getSharedSelector Using a shared selector for servlet write/read
03-Sep-2020 21:47:25.996 信息 [main] org.apache.catalina.startup.Catalina.load Initialization processed in 2126 ms
03-Sep-2020 21:47:26.119 信息 [main] org.apache.catalina.core.StandardService.startInternal æ­£å¨å¯å¨æå¡[Catalina]
03-Sep-2020 21:47:26.119 信息 [main] org.apache.catalina.core.StandardEngine.startInternal Starting Servlet Engine: Apache Tomcat/@VERSION@
03-Sep-2020 21:47:26.256 信息 [localhost-startStop-1] org.apache.catalina.startup.HostConfig.deployDirectory æweb åºç¨ç¨åºé¨ç½²å°ç®å½ [D:\code\code_idea\tomcat8\catalina-home\webapps\docs]
03-Sep-2020 21:47:27.315 信息 [localhost-startStop-1] org.apache.jasper.servlet.TldScanner.scanJars è³å°æä¸ä¸ªJARè¢«æ«æç¨äºTLDä½å°æªåå«TLDã ä¸ºæ­¤è®°å½å¨å¯ç¨è°è¯æ¥å¿è®°å½ï¼ä»¥è·åå·²æ«æä½æªå¨å¶ä¸­æ¾å°TLDçå®æ´JARåè¡¨ã å¨æ«ææé´è·³è¿ä¸éè¦çJARå¯ä»¥ç¼©ç­å¯å¨æ¶é´åJSPç¼è¯æ¶é´ã
03-Sep-2020 21:47:27.363 信息 [localhost-startStop-1] org.apache.catalina.startup.HostConfig.deployDirectory Webåºç¨ç¨åºç®å½[D:\code\code_idea\tomcat8\catalina-home\webapps\docs]çé¨ç½²å·²å¨[1,106]æ¯«ç§åå®æ
03-Sep-2020 21:47:27.363 信息 [localhost-startStop-1] org.apache.catalina.startup.HostConfig.deployDirectory æweb åºç¨ç¨åºé¨ç½²å°ç®å½ [D:\code\code_idea\tomcat8\catalina-home\webapps\examples]
03-Sep-2020 21:47:27.655 信息 [localhost-startStop-1] org.apache.jasper.servlet.TldScanner.scanJars è³å°æä¸ä¸ªJARè¢«æ«æç¨äºTLDä½å°æªåå«TLDã ä¸ºæ­¤è®°å½å¨å¯ç¨è°è¯æ¥å¿è®°å½ï¼ä»¥è·åå·²æ«æä½æªå¨å¶ä¸­æ¾å°TLDçå®æ´JARåè¡¨ã å¨æ«ææé´è·³è¿ä¸éè¦çJARå¯ä»¥ç¼©ç­å¯å¨æ¶é´åJSPç¼è¯æ¶é´ã
03-Sep-2020 21:47:27.688 严重 [localhost-startStop-1] org.apache.catalina.core.StandardContext.startInternal ä¸ä¸ªæå¤ä¸ªlistenerså¯å¨å¤±è´¥ï¼æ´å¤è¯¦ç»ä¿¡æ¯æ¥çå¯¹åºçå®¹å¨æ¥å¿æä»¶
03-Sep-2020 21:47:27.689 严重 [localhost-startStop-1] org.apache.catalina.core.StandardContext.startInternal ç±äºä¹åçéè¯¯ï¼Context[/examples]å¯å¨å¤±è´¥
03-Sep-2020 21:47:27.700 信息 [localhost-startStop-1] org.apache.catalina.startup.HostConfig.deployDirectory Webåºç¨ç¨åºç®å½[D:\code\code_idea\tomcat8\catalina-home\webapps\examples]çé¨ç½²å·²å¨[336]æ¯«ç§åå®æ
03-Sep-2020 21:47:27.700 信息 [localhost-startStop-1] org.apache.catalina.startup.HostConfig.deployDirectory æweb åºç¨ç¨åºé¨ç½²å°ç®å½ [D:\code\code_idea\tomcat8\catalina-home\webapps\host-manager]
03-Sep-2020 21:47:27.883 信息 [localhost-startStop-1] org.apache.jasper.servlet.TldScanner.scanJars è³å°æä¸ä¸ªJARè¢«æ«æç¨äºTLDä½å°æªåå«TLDã ä¸ºæ­¤è®°å½å¨å¯ç¨è°è¯æ¥å¿è®°å½ï¼ä»¥è·åå·²æ«æä½æªå¨å¶ä¸­æ¾å°TLDçå®æ´JARåè¡¨ã å¨æ«ææé´è·³è¿ä¸éè¦çJARå¯ä»¥ç¼©ç­å¯å¨æ¶é´åJSPç¼è¯æ¶é´ã
03-Sep-2020 21:47:27.898 信息 [localhost-startStop-1] org.apache.catalina.startup.HostConfig.deployDirectory Webåºç¨ç¨åºç®å½[D:\code\code_idea\tomcat8\catalina-home\webapps\host-manager]çé¨ç½²å·²å¨[197]æ¯«ç§åå®æ
03-Sep-2020 21:47:27.898 信息 [localhost-startStop-1] org.apache.catalina.startup.HostConfig.deployDirectory æweb åºç¨ç¨åºé¨ç½²å°ç®å½ [D:\code\code_idea\tomcat8\catalina-home\webapps\manager]
03-Sep-2020 21:47:28.068 信息 [localhost-startStop-1] org.apache.jasper.servlet.TldScanner.scanJars è³å°æä¸ä¸ªJARè¢«æ«æç¨äºTLDä½å°æªåå«TLDã ä¸ºæ­¤è®°å½å¨å¯ç¨è°è¯æ¥å¿è®°å½ï¼ä»¥è·åå·²æ«æä½æªå¨å¶ä¸­æ¾å°TLDçå®æ´JARåè¡¨ã å¨æ«ææé´è·³è¿ä¸éè¦çJARå¯ä»¥ç¼©ç­å¯å¨æ¶é´åJSPç¼è¯æ¶é´ã
03-Sep-2020 21:47:28.071 信息 [localhost-startStop-1] org.apache.catalina.startup.HostConfig.deployDirectory Webåºç¨ç¨åºç®å½[D:\code\code_idea\tomcat8\catalina-home\webapps\manager]çé¨ç½²å·²å¨[172]æ¯«ç§åå®æ
03-Sep-2020 21:47:28.071 信息 [localhost-startStop-1] org.apache.catalina.startup.HostConfig.deployDirectory æweb åºç¨ç¨åºé¨ç½²å°ç®å½ [D:\code\code_idea\tomcat8\catalina-home\webapps\ROOT]
03-Sep-2020 21:47:28.238 信息 [localhost-startStop-1] org.apache.jasper.servlet.TldScanner.scanJars è³å°æä¸ä¸ªJARè¢«æ«æç¨äºTLDä½å°æªåå«TLDã ä¸ºæ­¤è®°å½å¨å¯ç¨è°è¯æ¥å¿è®°å½ï¼ä»¥è·åå·²æ«æä½æªå¨å¶ä¸­æ¾å°TLDçå®æ´JARåè¡¨ã å¨æ«ææé´è·³è¿ä¸éè¦çJARå¯ä»¥ç¼©ç­å¯å¨æ¶é´åJSPç¼è¯æ¶é´ã
03-Sep-2020 21:47:28.241 信息 [localhost-startStop-1] org.apache.catalina.startup.HostConfig.deployDirectory Webåºç¨ç¨åºç®å½[D:\code\code_idea\tomcat8\catalina-home\webapps\ROOT]çé¨ç½²å·²å¨[170]æ¯«ç§åå®æ
03-Sep-2020 21:47:28.248 信息 [main] org.apache.coyote.AbstractProtocol.start å¼å§åè®®å¤çå¥æ["http-nio-8080"]
03-Sep-2020 21:47:28.268 信息 [main] org.apache.catalina.startup.Catalina.start Server startup in 2270 ms
